<?xml version="1.0" encoding="UTF-8"?>
<coverage generated="1518032908255" clover="3.2.0">
  <project timestamp="1518032908255" name="All files">
    <metrics statements="68" coveredstatements="68" conditionals="2" coveredconditionals="2" methods="20" coveredmethods="20" elements="90" coveredelements="90" complexity="0" loc="68" ncloc="68" packages="1" files="5" classes="5">
      <file name="group.js" path="/home/jack/Repos/Work/kd-interval-tree/src/group.js">
        <metrics statements="16" coveredstatements="16" conditionals="0" coveredconditionals="0" methods="4" coveredmethods="4"/>
        <line num="18" count="2" type="stmt"/>
        <line num="19" count="19" type="stmt"/>
        <line num="21" count="19" type="stmt"/>
        <line num="27" count="19" type="stmt"/>
        <line num="42" count="2" type="stmt"/>
        <line num="43" count="2" type="stmt"/>
        <line num="45" count="2" type="stmt"/>
        <line num="46" count="2" type="stmt"/>
        <line num="47" count="4" type="stmt"/>
        <line num="49" count="2" type="stmt"/>
        <line num="51" count="2" type="stmt"/>
        <line num="59" count="2" type="stmt"/>
        <line num="60" count="1" type="stmt"/>
        <line num="62" count="1" type="stmt"/>
        <line num="63" count="1" type="stmt"/>
        <line num="65" count="1" type="stmt"/>
      </file>
      <file name="group.utils.js" path="/home/jack/Repos/Work/kd-interval-tree/src/group.utils.js">
        <metrics statements="20" coveredstatements="20" conditionals="2" coveredconditionals="2" methods="8" coveredmethods="8"/>
        <line num="16" count="3" type="stmt"/>
        <line num="17" count="20" type="stmt"/>
        <line num="18" count="40" type="stmt"/>
        <line num="20" count="20" type="stmt"/>
        <line num="26" count="20" type="stmt"/>
        <line num="35" count="3" type="stmt"/>
        <line num="36" count="42" type="stmt"/>
        <line num="37" count="21" type="stmt"/>
        <line num="38" count="42" type="stmt"/>
        <line num="40" count="21" type="stmt"/>
        <line num="60" count="3" type="stmt"/>
        <line num="61" count="38" type="cond" truecount="2" falsecount="0"/>
        <line num="62" count="19" type="stmt"/>
        <line num="64" count="19" type="stmt"/>
        <line num="73" count="3" type="stmt"/>
        <line num="74" count="28" type="stmt"/>
        <line num="75" count="28" type="stmt"/>
        <line num="76" count="28" type="stmt"/>
        <line num="85" count="3" type="stmt"/>
        <line num="86" count="5" type="stmt"/>
      </file>
      <file name="main.js" path="/home/jack/Repos/Work/kd-interval-tree/src/main.js">
        <metrics statements="4" coveredstatements="4" conditionals="0" coveredconditionals="0" methods="1" coveredmethods="1"/>
        <line num="15" count="1" type="stmt"/>
        <line num="16" count="3" type="stmt"/>
        <line num="17" count="3" type="stmt"/>
        <line num="19" count="3" type="stmt"/>
      </file>
      <file name="search.js" path="/home/jack/Repos/Work/kd-interval-tree/src/search.js">
        <metrics statements="13" coveredstatements="13" conditionals="0" coveredconditionals="0" methods="4" coveredmethods="4"/>
        <line num="9" count="20" type="stmt"/>
        <line num="10" count="40" type="stmt"/>
        <line num="11" count="40" type="stmt"/>
        <line num="12" count="40" type="stmt"/>
        <line num="25" count="2" type="stmt"/>
        <line num="26" count="5" type="stmt"/>
        <line num="27" count="20" type="stmt"/>
        <line num="28" count="20" type="stmt"/>
        <line num="30" count="20" type="stmt"/>
        <line num="33" count="5" type="stmt"/>
        <line num="34" count="5" type="stmt"/>
        <line num="35" count="5" type="stmt"/>
        <line num="37" count="5" type="stmt"/>
      </file>
      <file name="trees.js" path="/home/jack/Repos/Work/kd-interval-tree/src/trees.js">
        <metrics statements="15" coveredstatements="15" conditionals="0" coveredconditionals="0" methods="3" coveredmethods="3"/>
        <line num="12" count="3" type="stmt"/>
        <line num="13" count="82" type="stmt"/>
        <line num="14" count="82" type="stmt"/>
        <line num="15" count="82" type="stmt"/>
        <line num="18" count="3" type="stmt"/>
        <line num="19" count="6" type="stmt"/>
        <line num="20" count="12" type="stmt"/>
        <line num="21" count="12" type="stmt"/>
        <line num="23" count="12" type="stmt"/>
        <line num="24" count="12" type="stmt"/>
        <line num="25" count="12" type="stmt"/>
        <line num="26" count="12" type="stmt"/>
        <line num="29" count="6" type="stmt"/>
        <line num="30" count="6" type="stmt"/>
        <line num="32" count="6" type="stmt"/>
      </file>
    </metrics>
  </project>
</coverage>
