{
  "/home/jack/Repos/Work/kd-interval-tree/src/group.js": {
    "path":
      "/home/jack/Repos/Work/kd-interval-tree/src/group.js",
    "statementMap": {
      "0": {
        "start": { "line": 18, "column": 27 },
        "end": { "line": 28, "column": 2 }
      },
      "1": {
        "start": { "line": 19, "column": 19 },
        "end": { "line": 19, "column": 30 }
      },
      "2": {
        "start": { "line": 21, "column": 19 },
        "end": { "line": 25, "column": 3 }
      },
      "3": {
        "start": { "line": 27, "column": 2 },
        "end": { "line": 27, "column": 23 }
      },
      "4": {
        "start": { "line": 42, "column": 27 },
        "end": { "line": 52, "column": 1 }
      },
      "5": {
        "start": { "line": 43, "column": 27 },
        "end": { "line": 43, "column": 64 }
      },
      "6": {
        "start": { "line": 45, "column": 26 },
        "end": { "line": 45, "column": 42 }
      },
      "7": {
        "start": { "line": 46, "column": 19 },
        "end": { "line": 48, "column": 3 }
      },
      "8": {
        "start": { "line": 47, "column": 4 },
        "end": { "line": 47, "column": 38 }
      },
      "9": {
        "start": { "line": 49, "column": 23 },
        "end": { "line": 49, "column": 43 }
      },
      "10": {
        "start": { "line": 51, "column": 2 },
        "end": { "line": 51, "column": 21 }
      },
      "11": {
        "start": { "line": 59, "column": 25 },
        "end": { "line": 66, "column": 1 }
      },
      "12": {
        "start": { "line": 60, "column": 20 },
        "end": { "line": 60, "column": 31 }
      },
      "13": {
        "start": { "line": 62, "column": 25 },
        "end": { "line": 62, "column": 60 }
      },
      "14": {
        "start": { "line": 63, "column": 17 },
        "end": { "line": 63, "column": 44 }
      },
      "15": {
        "start": { "line": 65, "column": 2 },
        "end": { "line": 65, "column": 15 }
      }
    },
    "fnMap": {
      "0": {
        "name": "(anonymous_0)",
        "decl": {
          "start": { "line": 18, "column": 33 },
          "end": { "line": 18, "column": 34 }
        },
        "loc": {
          "start": { "line": 18, "column": 56 },
          "end": { "line": 28, "column": 1 }
        },
        "line": 18
      },
      "1": {
        "name": "(anonymous_1)",
        "decl": {
          "start": { "line": 42, "column": 27 },
          "end": { "line": 42, "column": 28 }
        },
        "loc": {
          "start": { "line": 42, "column": 35 },
          "end": { "line": 52, "column": 1 }
        },
        "line": 42
      },
      "2": {
        "name": "(anonymous_2)",
        "decl": {
          "start": { "line": 46, "column": 39 },
          "end": { "line": 46, "column": 40 }
        },
        "loc": {
          "start": { "line": 47, "column": 4 },
          "end": { "line": 47, "column": 38 }
        },
        "line": 47
      },
      "3": {
        "name": "(anonymous_3)",
        "decl": {
          "start": { "line": 59, "column": 25 },
          "end": { "line": 59, "column": 26 }
        },
        "loc": {
          "start": { "line": 59, "column": 40 },
          "end": { "line": 66, "column": 1 }
        },
        "line": 59
      }
    },
    "branchMap": {},
    "s": {
      "0": 2,
      "1": 19,
      "2": 19,
      "3": 19,
      "4": 2,
      "5": 2,
      "6": 2,
      "7": 2,
      "8": 4,
      "9": 2,
      "10": 2,
      "11": 2,
      "12": 1,
      "13": 1,
      "14": 1,
      "15": 1
    },
    "f": { "0": 19, "1": 2, "2": 4, "3": 1 },
    "b": {},
    "_coverageSchema":
      "332fd63041d2c1bcb487cc26dd0d5f7d97098a6c",
    "hash": "c3b77f5040136f04684d2a1df1b34e1160853e45"
  },
  "/home/jack/Repos/Work/kd-interval-tree/src/group.utils.js": {
    "path":
      "/home/jack/Repos/Work/kd-interval-tree/src/group.utils.js",
    "statementMap": {
      "0": {
        "start": { "line": 16, "column": 25 },
        "end": { "line": 27, "column": 2 }
      },
      "1": {
        "start": { "line": 17, "column": 19 },
        "end": { "line": 17, "column": 37 }
      },
      "2": {
        "start": { "line": 18, "column": 20 },
        "end": { "line": 18, "column": 57 }
      },
      "3": {
        "start": { "line": 18, "column": 25 },
        "end": { "line": 18, "column": 57 }
      },
      "4": {
        "start": { "line": 20, "column": 19 },
        "end": { "line": 24, "column": 3 }
      },
      "5": {
        "start": { "line": 26, "column": 2 },
        "end": { "line": 26, "column": 23 }
      },
      "6": {
        "start": { "line": 35, "column": 28 },
        "end": { "line": 41, "column": 2 }
      },
      "7": {
        "start": { "line": 36, "column": 15 },
        "end": { "line": 36, "column": 42 }
      },
      "8": {
        "start": { "line": 36, "column": 27 },
        "end": { "line": 36, "column": 42 }
      },
      "9": {
        "start": { "line": 37, "column": 17 },
        "end": { "line": 37, "column": 40 }
      },
      "10": {
        "start": { "line": 38, "column": 17 },
        "end": { "line": 38, "column": 61 }
      },
      "11": {
        "start": { "line": 38, "column": 33 },
        "end": { "line": 38, "column": 61 }
      },
      "12": {
        "start": { "line": 40, "column": 2 },
        "end": { "line": 40, "column": 27 }
      },
      "13": {
        "start": { "line": 60, "column": 28 },
        "end": { "line": 66, "column": 2 }
      },
      "14": {
        "start": { "line": 61, "column": 2 },
        "end": { "line": 65, "column": 3 }
      },
      "15": {
        "start": { "line": 62, "column": 4 },
        "end": { "line": 62, "column": 20 }
      },
      "16": {
        "start": { "line": 64, "column": 4 },
        "end": { "line": 64, "column": 12 }
      },
      "17": {
        "start": { "line": 73, "column": 28 },
        "end": { "line": 77, "column": 1 }
      },
      "18": {
        "start": { "line": 74, "column": 20 },
        "end": { "line": 74, "column": 36 }
      },
      "19": {
        "start": { "line": 75, "column": 22 },
        "end": { "line": 75, "column": 42 }
      },
      "20": {
        "start": { "line": 76, "column": 2 },
        "end": { "line": 76, "column": 21 }
      },
      "21": {
        "start": { "line": 85, "column": 26 },
        "end": { "line": 87, "column": 1 }
      },
      "22": {
        "start": { "line": 86, "column": 2 },
        "end": { "line": 86, "column": 37 }
      }
    },
    "fnMap": {
      "0": {
        "name": "(anonymous_0)",
        "decl": {
          "start": { "line": 16, "column": 31 },
          "end": { "line": 16, "column": 32 }
        },
        "loc": {
          "start": { "line": 16, "column": 52 },
          "end": { "line": 27, "column": 1 }
        },
        "line": 16
      },
      "1": {
        "name": "(anonymous_1)",
        "decl": {
          "start": { "line": 18, "column": 20 },
          "end": { "line": 18, "column": 21 }
        },
        "loc": {
          "start": { "line": 18, "column": 25 },
          "end": { "line": 18, "column": 57 }
        },
        "line": 18
      },
      "2": {
        "name": "(anonymous_2)",
        "decl": {
          "start": { "line": 35, "column": 34 },
          "end": { "line": 35, "column": 35 }
        },
        "loc": {
          "start": { "line": 35, "column": 50 },
          "end": { "line": 41, "column": 1 }
        },
        "line": 35
      },
      "3": {
        "name": "(anonymous_3)",
        "decl": {
          "start": { "line": 36, "column": 15 },
          "end": { "line": 36, "column": 16 }
        },
        "loc": {
          "start": { "line": 36, "column": 27 },
          "end": { "line": 36, "column": 42 }
        },
        "line": 36
      },
      "4": {
        "name": "(anonymous_4)",
        "decl": {
          "start": { "line": 38, "column": 17 },
          "end": { "line": 38, "column": 18 }
        },
        "loc": {
          "start": { "line": 38, "column": 33 },
          "end": { "line": 38, "column": 61 }
        },
        "line": 38
      },
      "5": {
        "name": "(anonymous_5)",
        "decl": {
          "start": { "line": 60, "column": 34 },
          "end": { "line": 60, "column": 35 }
        },
        "loc": {
          "start": { "line": 60, "column": 54 },
          "end": { "line": 66, "column": 1 }
        },
        "line": 60
      },
      "6": {
        "name": "(anonymous_6)",
        "decl": {
          "start": { "line": 73, "column": 28 },
          "end": { "line": 73, "column": 29 }
        },
        "loc": {
          "start": { "line": 73, "column": 38 },
          "end": { "line": 77, "column": 1 }
        },
        "line": 73
      },
      "7": {
        "name": "(anonymous_7)",
        "decl": {
          "start": { "line": 85, "column": 26 },
          "end": { "line": 85, "column": 27 }
        },
        "loc": {
          "start": { "line": 85, "column": 34 },
          "end": { "line": 87, "column": 1 }
        },
        "line": 85
      }
    },
    "branchMap": {
      "0": {
        "loc": {
          "start": { "line": 61, "column": 2 },
          "end": { "line": 65, "column": 3 }
        },
        "type": "if",
        "locations": [
          {
            "start": { "line": 61, "column": 2 },
            "end": { "line": 65, "column": 3 }
          },
          {
            "start": { "line": 61, "column": 2 },
            "end": { "line": 65, "column": 3 }
          }
        ],
        "line": 61
      }
    },
    "s": {
      "0": 3,
      "1": 20,
      "2": 20,
      "3": 40,
      "4": 20,
      "5": 20,
      "6": 3,
      "7": 21,
      "8": 42,
      "9": 21,
      "10": 21,
      "11": 42,
      "12": 21,
      "13": 3,
      "14": 38,
      "15": 19,
      "16": 19,
      "17": 3,
      "18": 28,
      "19": 28,
      "20": 28,
      "21": 3,
      "22": 5
    },
    "f": {
      "0": 20,
      "1": 40,
      "2": 21,
      "3": 42,
      "4": 42,
      "5": 38,
      "6": 28,
      "7": 5
    },
    "b": { "0": [19, 19] },
    "_coverageSchema":
      "332fd63041d2c1bcb487cc26dd0d5f7d97098a6c",
    "hash": "326b740ceea0c155aca381396a1f101566c1a80d"
  },
  "/home/jack/Repos/Work/kd-interval-tree/src/main.js": {
    "path": "/home/jack/Repos/Work/kd-interval-tree/src/main.js",
    "statementMap": {
      "0": {
        "start": { "line": 15, "column": 30 },
        "end": { "line": 20, "column": 2 }
      },
      "1": {
        "start": { "line": 16, "column": 16 },
        "end": { "line": 16, "column": 40 }
      },
      "2": {
        "start": { "line": 17, "column": 22 },
        "end": { "line": 17, "column": 46 }
      },
      "3": {
        "start": { "line": 19, "column": 2 },
        "end": { "line": 19, "column": 20 }
      }
    },
    "fnMap": {
      "0": {
        "name": "(anonymous_0)",
        "decl": {
          "start": { "line": 15, "column": 36 },
          "end": { "line": 15, "column": 37 }
        },
        "loc": {
          "start": { "line": 15, "column": 53 },
          "end": { "line": 20, "column": 1 }
        },
        "line": 15
      }
    },
    "branchMap": {},
    "s": { "0": 1, "1": 3, "2": 3, "3": 3 },
    "f": { "0": 3 },
    "b": {},
    "_coverageSchema":
      "332fd63041d2c1bcb487cc26dd0d5f7d97098a6c",
    "hash": "dab6fbdeb13501c003a97f3d76b935fc4857beba"
  },
  "/home/jack/Repos/Work/kd-interval-tree/src/search.js": {
    "path":
      "/home/jack/Repos/Work/kd-interval-tree/src/search.js",
    "statementMap": {
      "0": {
        "start": { "line": 9, "column": 15 },
        "end": { "line": 13, "column": 1 }
      },
      "1": {
        "start": { "line": 9, "column": 24 },
        "end": { "line": 13, "column": 1 }
      },
      "2": {
        "start": { "line": 10, "column": 22 },
        "end": { "line": 10, "column": 62 }
      },
      "3": {
        "start": { "line": 11, "column": 17 },
        "end": { "line": 11, "column": 43 }
      },
      "4": {
        "start": { "line": 12, "column": 2 },
        "end": { "line": 12, "column": 15 }
      },
      "5": {
        "start": { "line": 25, "column": 26 },
        "end": { "line": 38, "column": 1 }
      },
      "6": {
        "start": { "line": 26, "column": 22 },
        "end": { "line": 31, "column": 4 }
      },
      "7": {
        "start": { "line": 27, "column": 20 },
        "end": { "line": 27, "column": 45 }
      },
      "8": {
        "start": { "line": 28, "column": 28 },
        "end": { "line": 28, "column": 48 }
      },
      "9": {
        "start": { "line": 30, "column": 4 },
        "end": { "line": 30, "column": 26 }
      },
      "10": {
        "start": { "line": 33, "column": 2 },
        "end": { "line": 33, "column": 27 }
      },
      "11": {
        "start": { "line": 34, "column": 2 },
        "end": { "line": 34, "column": 33 }
      },
      "12": {
        "start": { "line": 35, "column": 2 },
        "end": { "line": 35, "column": 31 }
      },
      "13": {
        "start": { "line": 37, "column": 2 },
        "end": { "line": 37, "column": 20 }
      }
    },
    "fnMap": {
      "0": {
        "name": "(anonymous_0)",
        "decl": {
          "start": { "line": 9, "column": 15 },
          "end": { "line": 9, "column": 16 }
        },
        "loc": {
          "start": { "line": 9, "column": 24 },
          "end": { "line": 13, "column": 1 }
        },
        "line": 9
      },
      "1": {
        "name": "(anonymous_1)",
        "decl": {
          "start": { "line": 9, "column": 24 },
          "end": { "line": 9, "column": 25 }
        },
        "loc": {
          "start": { "line": 9, "column": 38 },
          "end": { "line": 13, "column": 1 }
        },
        "line": 9
      },
      "2": {
        "name": "(anonymous_2)",
        "decl": {
          "start": { "line": 25, "column": 26 },
          "end": { "line": 25, "column": 27 }
        },
        "loc": {
          "start": { "line": 25, "column": 35 },
          "end": { "line": 38, "column": 1 }
        },
        "line": 25
      },
      "3": {
        "name": "(anonymous_3)",
        "decl": {
          "start": { "line": 26, "column": 28 },
          "end": { "line": 26, "column": 29 }
        },
        "loc": {
          "start": { "line": 26, "column": 50 },
          "end": { "line": 31, "column": 3 }
        },
        "line": 26
      }
    },
    "branchMap": {},
    "s": {
      "0": 2,
      "1": 20,
      "2": 40,
      "3": 40,
      "4": 40,
      "5": 2,
      "6": 5,
      "7": 20,
      "8": 20,
      "9": 20,
      "10": 5,
      "11": 5,
      "12": 5,
      "13": 5
    },
    "f": { "0": 20, "1": 40, "2": 5, "3": 20 },
    "b": {},
    "_coverageSchema":
      "332fd63041d2c1bcb487cc26dd0d5f7d97098a6c",
    "hash": "0b7b9a60e52265a92007092f6ae94ddb3c31604a"
  },
  "/home/jack/Repos/Work/kd-interval-tree/src/trees.js": {
    "path":
      "/home/jack/Repos/Work/kd-interval-tree/src/trees.js",
    "statementMap": {
      "0": {
        "start": { "line": 12, "column": 18 },
        "end": { "line": 16, "column": 2 }
      },
      "1": {
        "start": { "line": 13, "column": 17 },
        "end": { "line": 13, "column": 46 }
      },
      "2": {
        "start": { "line": 14, "column": 22 },
        "end": { "line": 14, "column": 64 }
      },
      "3": {
        "start": { "line": 15, "column": 2 },
        "end": { "line": 15, "column": 30 }
      },
      "4": {
        "start": { "line": 18, "column": 20 },
        "end": { "line": 33, "column": 1 }
      },
      "5": {
        "start": { "line": 19, "column": 16 },
        "end": { "line": 27, "column": 4 }
      },
      "6": {
        "start": { "line": 20, "column": 17 },
        "end": { "line": 20, "column": 35 }
      },
      "7": {
        "start": { "line": 21, "column": 16 },
        "end": { "line": 21, "column": 37 }
      },
      "8": {
        "start": { "line": 23, "column": 4 },
        "end": { "line": 23, "column": 22 }
      },
      "9": {
        "start": { "line": 24, "column": 4 },
        "end": { "line": 24, "column": 20 }
      },
      "10": {
        "start": { "line": 25, "column": 4 },
        "end": { "line": 25, "column": 22 }
      },
      "11": {
        "start": { "line": 26, "column": 4 },
        "end": { "line": 26, "column": 15 }
      },
      "12": {
        "start": { "line": 29, "column": 2 },
        "end": { "line": 29, "column": 24 }
      },
      "13": {
        "start": { "line": 30, "column": 2 },
        "end": { "line": 30, "column": 21 }
      },
      "14": {
        "start": { "line": 32, "column": 2 },
        "end": { "line": 32, "column": 14 }
      }
    },
    "fnMap": {
      "0": {
        "name": "(anonymous_0)",
        "decl": {
          "start": { "line": 12, "column": 24 },
          "end": { "line": 12, "column": 25 }
        },
        "loc": {
          "start": { "line": 12, "column": 59 },
          "end": { "line": 16, "column": 1 }
        },
        "line": 12
      },
      "1": {
        "name": "(anonymous_1)",
        "decl": {
          "start": { "line": 18, "column": 20 },
          "end": { "line": 18, "column": 21 }
        },
        "loc": {
          "start": { "line": 18, "column": 42 },
          "end": { "line": 33, "column": 1 }
        },
        "line": 18
      },
      "2": {
        "name": "(anonymous_2)",
        "decl": {
          "start": { "line": 19, "column": 30 },
          "end": { "line": 19, "column": 31 }
        },
        "loc": {
          "start": { "line": 19, "column": 38 },
          "end": { "line": 27, "column": 3 }
        },
        "line": 19
      }
    },
    "branchMap": {},
    "s": {
      "0": 3,
      "1": 82,
      "2": 82,
      "3": 82,
      "4": 3,
      "5": 6,
      "6": 12,
      "7": 12,
      "8": 12,
      "9": 12,
      "10": 12,
      "11": 12,
      "12": 6,
      "13": 6,
      "14": 6
    },
    "f": { "0": 82, "1": 6, "2": 12 },
    "b": {},
    "_coverageSchema":
      "332fd63041d2c1bcb487cc26dd0d5f7d97098a6c",
    "hash": "a0f133bc3d1c0d56af532ad6ee2758e6967fe8fb"
  }
}
