TN:
SF:/home/jack/Repos/Work/kd-interval-tree/src/group.js
FN:18,(anonymous_0)
FN:42,(anonymous_1)
FN:46,(anonymous_2)
FN:59,(anonymous_3)
FNF:4
FNH:4
FNDA:19,(anonymous_0)
FNDA:2,(anonymous_1)
FNDA:4,(anonymous_2)
FNDA:1,(anonymous_3)
DA:18,2
DA:19,19
DA:21,19
DA:27,19
DA:42,2
DA:43,2
DA:45,2
DA:46,2
DA:47,4
DA:49,2
DA:51,2
DA:59,2
DA:60,1
DA:62,1
DA:63,1
DA:65,1
LF:16
LH:16
BRF:0
BRH:0
end_of_record
TN:
SF:/home/jack/Repos/Work/kd-interval-tree/src/group.utils.js
FN:16,(anonymous_0)
FN:18,(anonymous_1)
FN:35,(anonymous_2)
FN:36,(anonymous_3)
FN:38,(anonymous_4)
FN:60,(anonymous_5)
FN:73,(anonymous_6)
FN:85,(anonymous_7)
FNF:8
FNH:8
FNDA:20,(anonymous_0)
FNDA:40,(anonymous_1)
FNDA:21,(anonymous_2)
FNDA:42,(anonymous_3)
FNDA:42,(anonymous_4)
FNDA:38,(anonymous_5)
FNDA:28,(anonymous_6)
FNDA:5,(anonymous_7)
DA:16,3
DA:17,20
DA:18,40
DA:20,20
DA:26,20
DA:35,3
DA:36,42
DA:37,21
DA:38,42
DA:40,21
DA:60,3
DA:61,38
DA:62,19
DA:64,19
DA:73,3
DA:74,28
DA:75,28
DA:76,28
DA:85,3
DA:86,5
LF:20
LH:20
BRDA:61,0,0,19
BRDA:61,0,1,19
BRF:2
BRH:2
end_of_record
TN:
SF:/home/jack/Repos/Work/kd-interval-tree/src/main.js
FN:15,(anonymous_0)
FNF:1
FNH:1
FNDA:3,(anonymous_0)
DA:15,1
DA:16,3
DA:17,3
DA:19,3
LF:4
LH:4
BRF:0
BRH:0
end_of_record
TN:
SF:/home/jack/Repos/Work/kd-interval-tree/src/search.js
FN:9,(anonymous_0)
FN:9,(anonymous_1)
FN:25,(anonymous_2)
FN:26,(anonymous_3)
FNF:4
FNH:4
FNDA:20,(anonymous_0)
FNDA:40,(anonymous_1)
FNDA:5,(anonymous_2)
FNDA:20,(anonymous_3)
DA:9,20
DA:10,40
DA:11,40
DA:12,40
DA:25,2
DA:26,5
DA:27,20
DA:28,20
DA:30,20
DA:33,5
DA:34,5
DA:35,5
DA:37,5
LF:13
LH:13
BRF:0
BRH:0
end_of_record
TN:
SF:/home/jack/Repos/Work/kd-interval-tree/src/trees.js
FN:12,(anonymous_0)
FN:18,(anonymous_1)
FN:19,(anonymous_2)
FNF:3
FNH:3
FNDA:82,(anonymous_0)
FNDA:6,(anonymous_1)
FNDA:12,(anonymous_2)
DA:12,3
DA:13,82
DA:14,82
DA:15,82
DA:18,3
DA:19,6
DA:20,12
DA:21,12
DA:23,12
DA:24,12
DA:25,12
DA:26,12
DA:29,6
DA:30,6
DA:32,6
LF:15
LH:15
BRF:0
BRH:0
end_of_record
